2024-12-31 16:50:43,536 - INFO - BUY at Ticker
EURJPY=X    154.070007
Name: 2023-07-13 00:00:00, dtype: float64 on 2023-07-13
2024-12-31 16:50:43,548 - INFO - SELL at 159.93899536132812 on 2024-01-11
2024-12-31 16:50:43,570 - INFO - BUY at Ticker
EURJPY=X    162.914001
Name: 2024-11-18 00:00:00, dtype: float64 on 2024-11-18
2024-12-31 16:50:43,572 - INFO - SELL at 163.39199829101562 on 2024-12-20
2024-12-31 16:51:21,155 - INFO - BUY at Ticker
EURJPY=X    154.070007
Name: 2023-07-13 00:00:00, dtype: float64 on 2023-07-13
2024-12-31 16:51:21,167 - INFO - SELL at 159.93899536132812 on 2024-01-11
2024-12-31 16:51:21,187 - INFO - BUY at Ticker
EURJPY=X    162.914001
Name: 2024-11-18 00:00:00, dtype: float64 on 2024-11-18
2024-12-31 16:51:21,190 - INFO - SELL at 163.39199829101562 on 2024-12-20
2024-12-31 16:51:27,325 - INFO - BUY at Ticker
EURJPY=X    154.070007
Name: 2023-07-13 00:00:00, dtype: float64 on 2023-07-13
2024-12-31 16:51:27,325 - INFO - TAKE PROFIT at 154.07000732421875 on 2023-07-13
2024-12-31 16:51:27,336 - INFO - BUY at Ticker
EURJPY=X    159.662994
Name: 2023-12-05 00:00:00, dtype: float64 on 2023-12-05
2024-12-31 16:51:27,336 - INFO - TAKE PROFIT at 159.66299438476562 on 2023-12-05
2024-12-31 16:51:27,361 - INFO - BUY at Ticker
EURJPY=X    162.914001
Name: 2024-11-18 00:00:00, dtype: float64 on 2024-11-18
2024-12-31 16:51:27,361 - INFO - TAKE PROFIT at 162.91400146484375 on 2024-11-18
2024-12-31 16:51:32,267 - INFO - BUY at Ticker
EURJPY=X    154.070007
Name: 2023-07-13 00:00:00, dtype: float64 on 2023-07-13
2024-12-31 16:51:32,267 - INFO - TAKE PROFIT at 155.70399475097656 on 2023-07-17
2024-12-31 16:51:32,277 - INFO - BUY at Ticker
EURJPY=X    159.662994
Name: 2023-12-05 00:00:00, dtype: float64 on 2023-12-05
2024-12-31 16:51:32,280 - INFO - SELL at 159.93899536132812 on 2024-01-11
2024-12-31 16:51:32,301 - INFO - BUY at Ticker
EURJPY=X    162.914001
Name: 2024-11-18 00:00:00, dtype: float64 on 2024-11-18
2024-12-31 16:51:32,303 - INFO - SELL at 163.39199829101562 on 2024-12-20
2024-12-31 16:51:36,634 - INFO - BUY at Ticker
EURJPY=X    154.070007
Name: 2023-07-13 00:00:00, dtype: float64 on 2023-07-13
2024-12-31 16:51:36,647 - INFO - SELL at 159.93899536132812 on 2024-01-11
2024-12-31 16:51:36,668 - INFO - BUY at Ticker
EURJPY=X    162.914001
Name: 2024-11-18 00:00:00, dtype: float64 on 2024-11-18
2024-12-31 16:51:36,670 - INFO - SELL at 163.39199829101562 on 2024-12-20
2024-12-31 16:51:40,366 - INFO - BUY at Ticker
EURJPY=X    154.070007
Name: 2023-07-13 00:00:00, dtype: float64 on 2023-07-13
2024-12-31 16:51:40,379 - INFO - SELL at 159.93899536132812 on 2024-01-11
2024-12-31 16:51:40,400 - INFO - BUY at Ticker
EURJPY=X    162.914001
Name: 2024-11-18 00:00:00, dtype: float64 on 2024-11-18
2024-12-31 16:51:40,402 - INFO - SELL at 163.39199829101562 on 2024-12-20
2024-12-31 16:51:50,851 - INFO - BUY at Ticker
EURJPY=X    154.070007
Name: 2023-07-13 00:00:00, dtype: float64 on 2023-07-13
2024-12-31 16:51:50,863 - INFO - SELL at 159.93899536132812 on 2024-01-11
2024-12-31 16:51:50,885 - INFO - BUY at Ticker
EURJPY=X    162.914001
Name: 2024-11-18 00:00:00, dtype: float64 on 2024-11-18
2024-12-31 16:51:50,887 - INFO - SELL at 163.39199829101562 on 2024-12-20
2024-12-31 16:52:41,143 - INFO - BUY at Ticker
AAPL    180.620575
Name: 2023-08-04 00:00:00, dtype: float64 on 2023-08-04
2024-12-31 16:52:41,147 - INFO - STOP LOSS at 170.89654541015625 on 2023-09-26
2024-12-31 16:52:41,153 - INFO - BUY at Ticker
AAPL    183.351761
Name: 2024-01-03 00:00:00, dtype: float64 on 2024-01-03
2024-12-31 16:52:41,157 - INFO - STOP LOSS at 169.50665283203125 on 2024-03-05
2024-12-31 16:52:41,167 - INFO - BUY at Ticker
AAPL    218.306854
Name: 2024-07-30 00:00:00, dtype: float64 on 2024-07-30
2024-12-31 16:52:41,167 - INFO - STOP LOSS at 206.762939453125 on 2024-08-06
2024-12-31 16:53:31,325 - INFO - BUY at Ticker
AAPL    180.62059
Name: 2023-08-04 00:00:00, dtype: float64 on 2023-08-04
2024-12-31 16:53:31,328 - INFO - STOP LOSS at 170.8965301513672 on 2023-09-26
2024-12-31 16:53:31,336 - INFO - BUY at Ticker
AAPL    183.351761
Name: 2024-01-03 00:00:00, dtype: float64 on 2024-01-03
2024-12-31 16:53:31,340 - INFO - STOP LOSS at 169.50665283203125 on 2024-03-05
2024-12-31 16:53:31,350 - INFO - BUY at Ticker
AAPL    218.306854
Name: 2024-07-30 00:00:00, dtype: float64 on 2024-07-30
2024-12-31 16:53:31,351 - INFO - STOP LOSS at 206.762939453125 on 2024-08-06
2024-12-31 16:53:46,762 - INFO - BUY at Ticker
AAPL    180.62059
Name: 2023-08-04 00:00:00, dtype: float64 on 2023-08-04
2024-12-31 16:53:46,765 - INFO - STOP LOSS at 170.8965301513672 on 2023-09-26
2024-12-31 16:53:46,772 - INFO - BUY at Ticker
AAPL    183.351761
Name: 2024-01-03 00:00:00, dtype: float64 on 2024-01-03
2024-12-31 16:53:46,776 - INFO - STOP LOSS at 169.5066680908203 on 2024-03-05
2024-12-31 16:53:46,786 - INFO - BUY at Ticker
AAPL    218.306854
Name: 2024-07-30 00:00:00, dtype: float64 on 2024-07-30
2024-12-31 16:53:46,787 - INFO - STOP LOSS at 206.76292419433594 on 2024-08-06
2024-12-31 16:55:43,990 - INFO - BUY at Ticker
AAPL    208.79834
Name: 2024-08-05 00:00:00, dtype: float64 on 2024-08-05
2024-12-31 16:55:43,999 - INFO - TAKE PROFIT at 251.0399932861328 on 2024-12-16
2024-12-31 16:56:00,649 - INFO - BUY at Ticker
AAPL    208.79834
Name: 2024-08-05 00:00:00, dtype: float64 on 2024-08-05
2024-12-31 16:56:00,658 - INFO - TAKE PROFIT at 251.0399932861328 on 2024-12-16
2024-12-31 16:56:14,547 - INFO - BUY at Ticker
AAPL    43.196346
Name: 2018-06-25 00:00:00, dtype: float64 on 2018-06-25
2024-12-31 16:56:14,552 - INFO - TAKE PROFIT at 51.859405517578125 on 2018-08-27
2024-12-31 16:56:14,686 - INFO - BUY at Ticker
AAPL    208.79834
Name: 2024-08-05 00:00:00, dtype: float64 on 2024-08-05
2024-12-31 16:56:14,695 - INFO - TAKE PROFIT at 251.0399932861328 on 2024-12-16
2024-12-31 16:56:23,422 - INFO - BUY at Ticker
EURJPY=X    129.278
Name: 2018-10-11 00:00:00, dtype: float64 on 2018-10-11
2024-12-31 16:56:23,428 - INFO - STOP LOSS at 121.60099792480469 on 2019-01-03
2024-12-31 16:56:38,263 - INFO - BUY at Ticker
EURJPY=X    130.798996
Name: 2018-05-04 00:00:00, dtype: float64 on 2018-05-04
2024-12-31 16:56:38,279 - INFO - STOP LOSS at 121.60099792480469 on 2019-01-03
2024-12-31 16:56:38,315 - INFO - BUY at Ticker
EURJPY=X    120.199997
Name: 2020-06-26 00:00:00, dtype: float64 on 2020-06-26
2024-12-31 16:56:38,368 - INFO - TAKE PROFIT at 144.4239959716797 on 2022-09-13
2024-12-31 16:56:38,370 - INFO - BUY at Ticker
EURJPY=X    138.832993
Name: 2022-09-28 00:00:00, dtype: float64 on 2022-09-28
2024-12-31 16:56:38,401 - INFO - SELL at 159.93899536132812 on 2024-01-11
2024-12-31 16:56:38,421 - INFO - BUY at Ticker
EURJPY=X    162.914001
Name: 2024-11-18 00:00:00, dtype: float64 on 2024-11-18
2024-12-31 16:56:38,423 - INFO - SELL at 163.39199829101562 on 2024-12-20
